<?xml version="1.0" encoding="UTF-8"?>
<robot generator="Robot 6.1.1 (Python 3.12.0 on win32)" generated="20231127 14:12:32.222" rpa="false" schemaversion="4">
<suite id="s1" name="Testes" source="C:\QAx\projects\mark85-rodot-express\testes">
<suite id="s1-s1" name="Online" source="C:\QAx\projects\mark85-rodot-express\testes\online.robot">
<test id="s1-s1-t1" name="Webapp deve estar online" line="8">
<kw name="Start Session" library="base">
<kw name="New Browser" library="Browser">
<arg>browser=chromium</arg>
<arg>headless=False</arg>
<tag>BrowserControl</tag>
<tag>Setter</tag>
<doc>Create a new playwright Browser with specified options.</doc>
<msg timestamp="20231127 14:12:33.544" level="INFO">{"browser": "chromium", "headless": false, "chromiumSandbox": false, "devtools": false, "handleSIGHUP": true, "handleSIGINT": true, "handleSIGTERM": true, "slowMo": 0.0, "timeout": 30000.0, "tracesDir": "C:\\QAx\\projects\\mark85-rodot-express\\log\\browser\\traces\\6bafa369-e633-4eb6-9b7b-0c672aee7be0"}</msg>
<msg timestamp="20231127 14:12:34.726" level="INFO">Successfully created browser with options: {"browser":"chromium","headless":false,"chromiumSandbox":false,"devtools":false,"handleSIGHUP":true,"handleSIGINT":true,"handleSIGTERM":true,"slowMo":0,"timeout":30000,"tracesDir":"C:\\QAx\\projects\\mark85-rodot-express\\log\\browser\\traces\\6bafa369-e633-4eb6-9b7b-0c672aee7be0"}</msg>
<status status="PASS" starttime="20231127 14:12:33.543" endtime="20231127 14:12:34.726"/>
</kw>
<kw name="New Page" library="Browser">
<arg>http://localhost:3000/</arg>
<tag>BrowserControl</tag>
<tag>Setter</tag>
<doc>Open a new Page.</doc>
<msg timestamp="20231127 14:12:37.421" level="INFO">Successfully initialized new page object and opened url: http://localhost:3000/</msg>
<msg timestamp="20231127 14:12:37.421" level="INFO">No context was open. New context was automatically opened when this page is created.</msg>
<status status="PASS" starttime="20231127 14:12:34.727" endtime="20231127 14:12:37.421"/>
</kw>
<status status="PASS" starttime="20231127 14:12:33.543" endtime="20231127 14:12:37.421"/>
</kw>
<kw name="Get Title" library="Browser">
<arg>equal</arg>
<arg>Mark85 by QAx</arg>
<tag>Assertion</tag>
<tag>Getter</tag>
<tag>PageContent</tag>
<doc>Returns the title of the current page.</doc>
<msg timestamp="20231127 14:12:37.443" level="INFO">Title: 'Mark85 by QAx'</msg>
<status status="PASS" starttime="20231127 14:12:37.422" endtime="20231127 14:12:37.444"/>
</kw>
<status status="PASS" starttime="20231127 14:12:33.540" endtime="20231127 14:12:37.444"/>
</test>
<doc>Online</doc>
<status status="PASS" starttime="20231127 14:12:32.246" endtime="20231127 14:12:37.559"/>
</suite>
<suite id="s1-s2" name="Signup" source="C:\QAx\projects\mark85-rodot-express\testes\signup.robot">
<test id="s1-s2-t1" name="Deve poder cadastrar um novo usuário" line="9">
<kw name="Name" library="FakerLibrary">
<var>${name}</var>
<doc>:example: 'John Doe'</doc>
<msg timestamp="20231127 14:12:38.494" level="INFO">${name} = John Frazier</msg>
<status status="PASS" starttime="20231127 14:12:38.493" endtime="20231127 14:12:38.494"/>
</kw>
<kw name="Free Email" library="FakerLibrary">
<var>${email}</var>
<msg timestamp="20231127 14:12:38.495" level="INFO">${email} = goodwinkim@gmail.com</msg>
<status status="PASS" starttime="20231127 14:12:38.494" endtime="20231127 14:12:38.495"/>
</kw>
<kw name="Set Variable" library="BuiltIn">
<var>${password}</var>
<arg>pwd123</arg>
<doc>Returns the given values which can then be assigned to a variables.</doc>
<msg timestamp="20231127 14:12:38.496" level="INFO">${password} = pwd123</msg>
<status status="PASS" starttime="20231127 14:12:38.496" endtime="20231127 14:12:38.496"/>
</kw>
<kw name="Start Session" library="base">
<kw name="New Browser" library="Browser">
<arg>browser=chromium</arg>
<arg>headless=False</arg>
<tag>BrowserControl</tag>
<tag>Setter</tag>
<doc>Create a new playwright Browser with specified options.</doc>
<msg timestamp="20231127 14:12:38.498" level="INFO">Switching browser to browser=97f9c912-027a-4c85-af18-3f406b1eb978</msg>
<msg timestamp="20231127 14:12:38.501" level="INFO">Successfully changed active browser: browser=97f9c912-027a-4c85-af18-3f406b1eb978</msg>
<msg timestamp="20231127 14:12:38.501" level="INFO">Reusing existing browser with id: browser=97f9c912-027a-4c85-af18-3f406b1eb978</msg>
<status status="PASS" starttime="20231127 14:12:38.498" endtime="20231127 14:12:38.501"/>
</kw>
<kw name="New Page" library="Browser">
<arg>http://localhost:3000/</arg>
<tag>BrowserControl</tag>
<tag>Setter</tag>
<doc>Open a new Page.</doc>
<msg timestamp="20231127 14:12:39.469" level="INFO">Successfully initialized new page object and opened url: http://localhost:3000/</msg>
<msg timestamp="20231127 14:12:39.469" level="INFO">No context was open. New context was automatically opened when this page is created.</msg>
<status status="PASS" starttime="20231127 14:12:38.501" endtime="20231127 14:12:39.469"/>
</kw>
<status status="PASS" starttime="20231127 14:12:38.498" endtime="20231127 14:12:39.469"/>
</kw>
<kw name="Go To" library="Browser">
<arg>http://localhost:3000/signup</arg>
<tag>BrowserControl</tag>
<tag>Setter</tag>
<doc>Navigates to the given ``url``.</doc>
<msg timestamp="20231127 14:12:39.577" level="INFO">Successfully opened URL http://localhost:3000/signup</msg>
<status status="PASS" starttime="20231127 14:12:39.470" endtime="20231127 14:12:39.577"/>
</kw>
<kw name="Wait For Elements State" library="Browser">
<arg>css=h1</arg>
<arg>visible</arg>
<arg>5</arg>
<tag>PageContent</tag>
<tag>Wait</tag>
<doc>Waits for the element found by ``selector`` to satisfy state option.</doc>
<msg timestamp="20231127 14:12:39.635" level="INFO">Waited for Element with selector css=h1 at state visible</msg>
<status status="PASS" starttime="20231127 14:12:39.582" endtime="20231127 14:12:39.635"/>
</kw>
<kw name="Get Text" library="Browser">
<arg>css=h1</arg>
<arg>equal</arg>
<arg>Faça seu cadastro</arg>
<tag>Assertion</tag>
<tag>Getter</tag>
<tag>PageContent</tag>
<doc>Returns text attribute of the element found by ``selector``.</doc>
<msg timestamp="20231127 14:12:39.684" level="INFO">Text: 'Faça seu cadastro'</msg>
<status status="PASS" starttime="20231127 14:12:39.636" endtime="20231127 14:12:39.684"/>
</kw>
<kw name="Fill Text" library="Browser">
<arg>id=name</arg>
<arg>${name}</arg>
<tag>PageContent</tag>
<tag>Setter</tag>
<doc>Clears and fills the given ``txt`` into the text field found by ``selector``.</doc>
<msg timestamp="20231127 14:12:39.684" level="INFO">Fills the text 'John Frazier' in the given field.</msg>
<status status="PASS" starttime="20231127 14:12:39.684" endtime="20231127 14:12:39.725"/>
</kw>
<kw name="Fill Text" library="Browser">
<arg>id=email</arg>
<arg>${email}</arg>
<tag>PageContent</tag>
<tag>Setter</tag>
<doc>Clears and fills the given ``txt`` into the text field found by ``selector``.</doc>
<msg timestamp="20231127 14:12:39.726" level="INFO">Fills the text 'goodwinkim@gmail.com' in the given field.</msg>
<status status="PASS" starttime="20231127 14:12:39.725" endtime="20231127 14:12:39.756"/>
</kw>
<kw name="Fill Text" library="Browser">
<arg>id=password</arg>
<arg>${password}</arg>
<tag>PageContent</tag>
<tag>Setter</tag>
<doc>Clears and fills the given ``txt`` into the text field found by ``selector``.</doc>
<msg timestamp="20231127 14:12:39.757" level="INFO">Fills the text 'pwd123' in the given field.</msg>
<status status="PASS" starttime="20231127 14:12:39.757" endtime="20231127 14:12:39.790"/>
</kw>
<kw name="Click" library="Browser">
<arg>id=buttonSignup</arg>
<tag>PageContent</tag>
<tag>Setter</tag>
<doc>Simulates mouse click on the element found by ``selector``.</doc>
<status status="PASS" starttime="20231127 14:12:39.791" endtime="20231127 14:12:39.881"/>
</kw>
<kw name="Wait For Elements State" library="Browser">
<arg>css=.notice p</arg>
<arg>visible</arg>
<arg>5</arg>
<tag>PageContent</tag>
<tag>Wait</tag>
<doc>Waits for the element found by ``selector`` to satisfy state option.</doc>
<msg timestamp="20231127 14:12:40.091" level="INFO">Waited for Element with selector css=.notice p at state visible</msg>
<status status="PASS" starttime="20231127 14:12:39.881" endtime="20231127 14:12:40.092"/>
</kw>
<kw name="Get Text" library="Browser">
<arg>css=.notice p</arg>
<arg>equal</arg>
<arg>Boas vindas ao Mark85, o seu gerenciador de tarefas.</arg>
<tag>Assertion</tag>
<tag>Getter</tag>
<tag>PageContent</tag>
<doc>Returns text attribute of the element found by ``selector``.</doc>
<msg timestamp="20231127 14:12:40.122" level="INFO">Text: 'Boas vindas ao Mark85, o seu gerenciador de tarefas.'</msg>
<status status="PASS" starttime="20231127 14:12:40.092" endtime="20231127 14:12:40.122"/>
</kw>
<status status="PASS" starttime="20231127 14:12:38.491" endtime="20231127 14:12:40.122"/>
</test>
<doc>Cenarios de testes do cadastro de usuarios de</doc>
<status status="PASS" starttime="20231127 14:12:37.575" endtime="20231127 14:12:40.223"/>
</suite>
<status status="PASS" starttime="20231127 14:12:32.224" endtime="20231127 14:12:40.237"/>
</suite>
<statistics>
<total>
<stat pass="2" fail="0" skip="0">All Tests</stat>
</total>
<tag>
</tag>
<suite>
<stat pass="2" fail="0" skip="0" id="s1" name="Testes">Testes</stat>
<stat pass="1" fail="0" skip="0" id="s1-s1" name="Online">Testes.Online</stat>
<stat pass="1" fail="0" skip="0" id="s1-s2" name="Signup">Testes.Signup</stat>
</suite>
</statistics>
<errors>
</errors>
</robot>
