<?xml version="1.0" encoding="UTF-8"?>
<robot generator="Robot 6.1.1 (Python 3.12.0 on win32)" generated="20231127 15:48:03.983" rpa="false" schemaversion="4">
<suite id="s1" name="Online" source="C:\QAx\projects\mark85-rodot-express\testes\online.robot">
<test id="s1-t1" name="Webapp deve estar online" line="8">
<kw name="Start Session" library="base">
<kw name="New Browser" library="Browser">
<arg>browser=chromium</arg>
<arg>headless=False</arg>
<tag>BrowserControl</tag>
<tag>Setter</tag>
<doc>Create a new playwright Browser with specified options.</doc>
<msg timestamp="20231127 15:48:05.352" level="INFO">{"browser": "chromium", "headless": false, "chromiumSandbox": false, "devtools": false, "handleSIGHUP": true, "handleSIGINT": true, "handleSIGTERM": true, "slowMo": 0.0, "timeout": 30000.0, "tracesDir": "C:\\QAx\\projects\\mark85-rodot-express\\logs\\browser\\traces\\5358f40d-81a5-4a48-b912-ce3e37a5c30d"}</msg>
<msg timestamp="20231127 15:48:06.727" level="INFO">Successfully created browser with options: {"browser":"chromium","headless":false,"chromiumSandbox":false,"devtools":false,"handleSIGHUP":true,"handleSIGINT":true,"handleSIGTERM":true,"slowMo":0,"timeout":30000,"tracesDir":"C:\\QAx\\projects\\mark85-rodot-express\\logs\\browser\\traces\\5358f40d-81a5-4a48-b912-ce3e37a5c30d"}</msg>
<status status="PASS" starttime="20231127 15:48:05.351" endtime="20231127 15:48:06.727"/>
</kw>
<kw name="New Page" library="Browser">
<arg>http://localhost:3000/</arg>
<tag>BrowserControl</tag>
<tag>Setter</tag>
<doc>Open a new Page.</doc>
<msg timestamp="20231127 15:48:07.847" level="INFO">Successfully initialized new page object and opened url: http://localhost:3000/</msg>
<msg timestamp="20231127 15:48:07.847" level="INFO">No context was open. New context was automatically opened when this page is created.</msg>
<status status="PASS" starttime="20231127 15:48:06.728" endtime="20231127 15:48:07.847"/>
</kw>
<status status="PASS" starttime="20231127 15:48:05.350" endtime="20231127 15:48:07.847"/>
</kw>
<kw name="Get Title" library="Browser">
<arg>equal</arg>
<arg>Mark85 by QAx</arg>
<tag>Assertion</tag>
<tag>Getter</tag>
<tag>PageContent</tag>
<doc>Returns the title of the current page.</doc>
<msg timestamp="20231127 15:48:07.867" level="INFO">Title: 'Mark85 by QAx'</msg>
<status status="PASS" starttime="20231127 15:48:07.848" endtime="20231127 15:48:07.867"/>
</kw>
<status status="PASS" starttime="20231127 15:48:05.345" endtime="20231127 15:48:07.868"/>
</test>
<doc>Online</doc>
<status status="PASS" starttime="20231127 15:48:03.985" endtime="20231127 15:48:08.041"/>
</suite>
<statistics>
<total>
<stat pass="1" fail="0" skip="0">All Tests</stat>
</total>
<tag>
</tag>
<suite>
<stat pass="1" fail="0" skip="0" id="s1" name="Online">Online</stat>
</suite>
</statistics>
<errors>
</errors>
</robot>
