<?xml version="1.0" encoding="UTF-8"?>
<robot generator="Robot 6.1.1 (Python 3.12.0 on win32)" generated="20231128 21:02:37.117" rpa="false" schemaversion="4">
<suite id="s1" name="Signup" source="C:\QAx\projects\mark85-rodot-express\testes\signup.robot">
<test id="s1-t1" name="Deve poder cadastrar um novo usuário" line="17">
<kw name="Name" library="FakerLibrary">
<var>${name}</var>
<doc>:example: 'John Doe'</doc>
<msg timestamp="20231128 21:02:39.337" level="INFO">${name} = Alyssa Brown</msg>
<status status="PASS" starttime="20231128 21:02:39.337" endtime="20231128 21:02:39.337"/>
</kw>
<kw name="Free Email" library="FakerLibrary">
<var>${email}</var>
<msg timestamp="20231128 21:02:39.339" level="INFO">${email} = john15@gmail.com</msg>
<status status="PASS" starttime="20231128 21:02:39.338" endtime="20231128 21:02:39.339"/>
</kw>
<kw name="Set Variable" library="BuiltIn">
<var>${password}</var>
<arg>pwd123</arg>
<doc>Returns the given values which can then be assigned to a variables.</doc>
<msg timestamp="20231128 21:02:39.341" level="INFO">${password} = pwd123</msg>
<status status="PASS" starttime="20231128 21:02:39.340" endtime="20231128 21:02:39.341"/>
</kw>
<kw name="Start Session" library="base">
<kw name="New Browser" library="Browser">
<arg>browser=chromium</arg>
<arg>headless=False</arg>
<tag>BrowserControl</tag>
<tag>Setter</tag>
<doc>Create a new playwright Browser with specified options.</doc>
<msg timestamp="20231128 21:02:39.342" level="INFO">{"browser": "chromium", "headless": false, "chromiumSandbox": false, "devtools": false, "handleSIGHUP": true, "handleSIGINT": true, "handleSIGTERM": true, "slowMo": 0.0, "timeout": 30000.0, "tracesDir": "C:\\QAx\\projects\\mark85-rodot-express\\logs\\browser\\traces\\b4189727-9640-4b67-8f52-faae3862ce85"}</msg>
<msg timestamp="20231128 21:02:41.338" level="INFO">Successfully created browser with options: {"browser":"chromium","headless":false,"chromiumSandbox":false,"devtools":false,"handleSIGHUP":true,"handleSIGINT":true,"handleSIGTERM":true,"slowMo":0,"timeout":30000,"tracesDir":"C:\\QAx\\projects\\mark85-rodot-express\\logs\\browser\\traces\\b4189727-9640-4b67-8f52-faae3862ce85"}</msg>
<status status="PASS" starttime="20231128 21:02:39.342" endtime="20231128 21:02:41.338"/>
</kw>
<kw name="New Page" library="Browser">
<arg>http://localhost:3000/</arg>
<tag>BrowserControl</tag>
<tag>Setter</tag>
<doc>Open a new Page.</doc>
<msg timestamp="20231128 21:02:42.922" level="INFO">Successfully initialized new page object and opened url: http://localhost:3000/</msg>
<msg timestamp="20231128 21:02:42.922" level="INFO">No context was open. New context was automatically opened when this page is created.</msg>
<status status="PASS" starttime="20231128 21:02:41.339" endtime="20231128 21:02:42.922"/>
</kw>
<status status="PASS" starttime="20231128 21:02:39.341" endtime="20231128 21:02:42.923"/>
</kw>
<kw name="Go To" library="Browser">
<arg>http://localhost:3000/signup</arg>
<tag>BrowserControl</tag>
<tag>Setter</tag>
<doc>Navigates to the given ``url``.</doc>
<msg timestamp="20231128 21:02:43.159" level="INFO">Successfully opened URL http://localhost:3000/signup</msg>
<status status="PASS" starttime="20231128 21:02:42.925" endtime="20231128 21:02:43.160"/>
</kw>
<kw name="Wait For Elements State" library="Browser">
<arg>css=h1</arg>
<arg>visible</arg>
<arg>5</arg>
<tag>PageContent</tag>
<tag>Wait</tag>
<doc>Waits for the element found by ``selector`` to satisfy state option.</doc>
<msg timestamp="20231128 21:02:43.257" level="INFO">Waited for Element with selector css=h1 at state visible</msg>
<status status="PASS" starttime="20231128 21:02:43.165" endtime="20231128 21:02:43.257"/>
</kw>
<kw name="Get Text" library="Browser">
<arg>css=h1</arg>
<arg>equal</arg>
<arg>Faça seu cadastro</arg>
<tag>Assertion</tag>
<tag>Getter</tag>
<tag>PageContent</tag>
<doc>Returns text attribute of the element found by ``selector``.</doc>
<msg timestamp="20231128 21:02:43.333" level="INFO">Text: 'Faça seu cadastro'</msg>
<status status="PASS" starttime="20231128 21:02:43.258" endtime="20231128 21:02:43.333"/>
</kw>
<kw name="Fill Text" library="Browser">
<arg>id=name</arg>
<arg>${name}</arg>
<tag>PageContent</tag>
<tag>Setter</tag>
<doc>Clears and fills the given ``txt`` into the text field found by ``selector``.</doc>
<msg timestamp="20231128 21:02:43.335" level="INFO">Fills the text 'Alyssa Brown' in the given field.</msg>
<status status="PASS" starttime="20231128 21:02:43.334" endtime="20231128 21:02:43.403"/>
</kw>
<kw name="Fill Text" library="Browser">
<arg>id=email</arg>
<arg>${email}</arg>
<tag>PageContent</tag>
<tag>Setter</tag>
<doc>Clears and fills the given ``txt`` into the text field found by ``selector``.</doc>
<msg timestamp="20231128 21:02:43.451" level="INFO">Fills the text 'john15@gmail.com' in the given field.</msg>
<status status="PASS" starttime="20231128 21:02:43.450" endtime="20231128 21:02:43.507"/>
</kw>
<kw name="Fill Text" library="Browser">
<arg>id=password</arg>
<arg>${password}</arg>
<tag>PageContent</tag>
<tag>Setter</tag>
<doc>Clears and fills the given ``txt`` into the text field found by ``selector``.</doc>
<msg timestamp="20231128 21:02:43.508" level="INFO">Fills the text 'pwd123' in the given field.</msg>
<status status="PASS" starttime="20231128 21:02:43.508" endtime="20231128 21:02:43.568"/>
</kw>
<kw name="Click" library="Browser">
<arg>id=buttonSignup</arg>
<tag>PageContent</tag>
<tag>Setter</tag>
<doc>Simulates mouse click on the element found by ``selector``.</doc>
<status status="PASS" starttime="20231128 21:02:43.568" endtime="20231128 21:02:43.691"/>
</kw>
<kw name="Wait For Elements State" library="Browser">
<arg>css=.notice p</arg>
<arg>visible</arg>
<arg>5</arg>
<tag>PageContent</tag>
<tag>Wait</tag>
<doc>Waits for the element found by ``selector`` to satisfy state option.</doc>
<msg timestamp="20231128 21:02:43.904" level="INFO">Waited for Element with selector css=.notice p at state visible</msg>
<status status="PASS" starttime="20231128 21:02:43.691" endtime="20231128 21:02:43.905"/>
</kw>
<kw name="Get Text" library="Browser">
<arg>css=.notice p</arg>
<arg>equal</arg>
<arg>Boas vindas ao Mark85, o seu gerenciador de tarefas.</arg>
<tag>Assertion</tag>
<tag>Getter</tag>
<tag>PageContent</tag>
<doc>Returns text attribute of the element found by ``selector``.</doc>
<msg timestamp="20231128 21:02:43.949" level="INFO">Text: 'Boas vindas ao Mark85, o seu gerenciador de tarefas.'</msg>
<status status="PASS" starttime="20231128 21:02:43.905" endtime="20231128 21:02:43.949"/>
</kw>
<status status="PASS" starttime="20231128 21:02:39.300" endtime="20231128 21:02:43.950"/>
</test>
<doc>Cenarios de testes do cadastro de usuarios de</doc>
<status status="PASS" starttime="20231128 21:02:37.120" endtime="20231128 21:02:44.143"/>
</suite>
<statistics>
<total>
<stat pass="1" fail="0" skip="0">All Tests</stat>
</total>
<tag>
</tag>
<suite>
<stat pass="1" fail="0" skip="0" id="s1" name="Signup">Signup</stat>
</suite>
</statistics>
<errors>
</errors>
</robot>
