<?xml version="1.0" encoding="UTF-8"?>
<robot generator="Robot 6.1.1 (Python 3.12.0 on win32)" generated="20231126 00:15:25.348" rpa="false" schemaversion="4">
<suite id="s1" name="Signup" source="C:\QAx\projects\mark85-rodot-express\signup.robot">
<test id="s1-t1" name="Deve poder cadastrar um novo usuário" line="8">
<kw name="Name" library="FakerLibrary">
<var>${name}</var>
<doc>:example: 'John Doe'</doc>
<msg timestamp="20231126 00:15:27.300" level="INFO">${name} = Scott Solomon</msg>
<status status="PASS" starttime="20231126 00:15:27.300" endtime="20231126 00:15:27.300"/>
</kw>
<kw name="Free Email" library="FakerLibrary">
<var>${email}</var>
<msg timestamp="20231126 00:15:27.302" level="INFO">${email} = uwilliams@hotmail.com</msg>
<status status="PASS" starttime="20231126 00:15:27.301" endtime="20231126 00:15:27.302"/>
</kw>
<kw name="Set Variable" library="BuiltIn">
<var>${password}</var>
<arg>pwd123</arg>
<doc>Returns the given values which can then be assigned to a variables.</doc>
<msg timestamp="20231126 00:15:27.303" level="INFO">${password} = pwd123</msg>
<status status="PASS" starttime="20231126 00:15:27.303" endtime="20231126 00:15:27.303"/>
</kw>
<kw name="New Browser" library="Browser">
<arg>browser=chromium</arg>
<arg>headless=False</arg>
<tag>BrowserControl</tag>
<tag>Setter</tag>
<doc>Create a new playwright Browser with specified options.</doc>
<msg timestamp="20231126 00:15:27.303" level="INFO">{"browser": "chromium", "headless": false, "chromiumSandbox": false, "devtools": false, "handleSIGHUP": true, "handleSIGINT": true, "handleSIGTERM": true, "slowMo": 0.0, "timeout": 30000.0, "tracesDir": "C:\\QAx\\projects\\mark85-rodot-express\\logs\\browser\\traces\\cfcde836-72c1-420d-9258-06d24116c9cc"}</msg>
<msg timestamp="20231126 00:15:28.741" level="INFO">Successfully created browser with options: {"browser":"chromium","headless":false,"chromiumSandbox":false,"devtools":false,"handleSIGHUP":true,"handleSIGINT":true,"handleSIGTERM":true,"slowMo":0,"timeout":30000,"tracesDir":"C:\\QAx\\projects\\mark85-rodot-express\\logs\\browser\\traces\\cfcde836-72c1-420d-9258-06d24116c9cc"}</msg>
<status status="PASS" starttime="20231126 00:15:27.303" endtime="20231126 00:15:28.742"/>
</kw>
<kw name="New Page" library="Browser">
<arg>http://localhost:3000/signup</arg>
<tag>BrowserControl</tag>
<tag>Setter</tag>
<doc>Open a new Page.</doc>
<msg timestamp="20231126 00:15:29.975" level="INFO">Successfully initialized new page object and opened url: http://localhost:3000/signup</msg>
<msg timestamp="20231126 00:15:29.975" level="INFO">No context was open. New context was automatically opened when this page is created.</msg>
<status status="PASS" starttime="20231126 00:15:28.746" endtime="20231126 00:15:29.976"/>
</kw>
<kw name="Wait For Elements State" library="Browser">
<arg>css=h1</arg>
<arg>visible</arg>
<arg>5</arg>
<tag>PageContent</tag>
<tag>Wait</tag>
<doc>Waits for the element found by ``selector`` to satisfy state option.</doc>
<msg timestamp="20231126 00:15:30.041" level="INFO">Waited for Element with selector css=h1 at state visible</msg>
<status status="PASS" starttime="20231126 00:15:29.976" endtime="20231126 00:15:30.041"/>
</kw>
<kw name="Get Text" library="Browser">
<arg>css=h1</arg>
<arg>equal</arg>
<arg>Faça seu cadastro</arg>
<tag>Assertion</tag>
<tag>Getter</tag>
<tag>PageContent</tag>
<doc>Returns text attribute of the element found by ``selector``.</doc>
<msg timestamp="20231126 00:15:30.092" level="INFO">Text: 'Faça seu cadastro'</msg>
<status status="PASS" starttime="20231126 00:15:30.041" endtime="20231126 00:15:30.092"/>
</kw>
<kw name="Fill Text" library="Browser">
<arg>id=name</arg>
<arg>${name}</arg>
<tag>PageContent</tag>
<tag>Setter</tag>
<doc>Clears and fills the given ``txt`` into the text field found by ``selector``.</doc>
<msg timestamp="20231126 00:15:30.093" level="INFO">Fills the text 'Scott Solomon' in the given field.</msg>
<status status="PASS" starttime="20231126 00:15:30.093" endtime="20231126 00:15:30.139"/>
</kw>
<kw name="Fill Text" library="Browser">
<arg>id=email</arg>
<arg>${email}</arg>
<tag>PageContent</tag>
<tag>Setter</tag>
<doc>Clears and fills the given ``txt`` into the text field found by ``selector``.</doc>
<msg timestamp="20231126 00:15:30.142" level="INFO">Fills the text 'uwilliams@hotmail.com' in the given field.</msg>
<status status="PASS" starttime="20231126 00:15:30.140" endtime="20231126 00:15:30.184"/>
</kw>
<kw name="Fill Text" library="Browser">
<arg>id=password</arg>
<arg>${password}</arg>
<tag>PageContent</tag>
<tag>Setter</tag>
<doc>Clears and fills the given ``txt`` into the text field found by ``selector``.</doc>
<msg timestamp="20231126 00:15:30.185" level="INFO">Fills the text 'pwd123' in the given field.</msg>
<status status="PASS" starttime="20231126 00:15:30.185" endtime="20231126 00:15:30.236"/>
</kw>
<kw name="Click" library="Browser">
<arg>id=buttonSignup</arg>
<tag>PageContent</tag>
<tag>Setter</tag>
<doc>Simulates mouse click on the element found by ``selector``.</doc>
<status status="PASS" starttime="20231126 00:15:30.237" endtime="20231126 00:15:30.354"/>
</kw>
<kw name="Sleep" library="BuiltIn">
<arg>5</arg>
<doc>Pauses the test executed for the given time.</doc>
<msg timestamp="20231126 00:15:35.357" level="INFO">Slept 5 seconds</msg>
<status status="PASS" starttime="20231126 00:15:30.355" endtime="20231126 00:15:35.357"/>
</kw>
<status status="PASS" starttime="20231126 00:15:27.296" endtime="20231126 00:15:35.358"/>
</test>
<doc>Cenarios de testes do cadastro de usuarios de</doc>
<status status="PASS" starttime="20231126 00:15:25.349" endtime="20231126 00:15:35.473"/>
</suite>
<statistics>
<total>
<stat pass="1" fail="0" skip="0">All Tests</stat>
</total>
<tag>
</tag>
<suite>
<stat pass="1" fail="0" skip="0" id="s1" name="Signup">Signup</stat>
</suite>
</statistics>
<errors>
</errors>
</robot>
