<?xml version="1.0" encoding="UTF-8"?>
<robot generator="Robot 6.1.1 (Python 3.12.0 on win32)" generated="20231126 00:25:32.181" rpa="false" schemaversion="4">
<suite id="s1" name="Signup" source="C:\QAx\projects\mark85-rodot-express\signup.robot">
<test id="s1-t1" name="Deve poder cadastrar um novo usuário" line="8">
<kw name="Name" library="FakerLibrary">
<var>${name}</var>
<doc>:example: 'John Doe'</doc>
<msg timestamp="20231126 00:25:33.306" level="INFO">${name} = Martha Hayes</msg>
<status status="PASS" starttime="20231126 00:25:33.305" endtime="20231126 00:25:33.306"/>
</kw>
<kw name="Free Email" library="FakerLibrary">
<var>${email}</var>
<msg timestamp="20231126 00:25:33.307" level="INFO">${email} = xmartin@yahoo.com</msg>
<status status="PASS" starttime="20231126 00:25:33.306" endtime="20231126 00:25:33.307"/>
</kw>
<kw name="Set Variable" library="BuiltIn">
<var>${password}</var>
<arg>pwd123</arg>
<doc>Returns the given values which can then be assigned to a variables.</doc>
<msg timestamp="20231126 00:25:33.307" level="INFO">${password} = pwd123</msg>
<status status="PASS" starttime="20231126 00:25:33.307" endtime="20231126 00:25:33.307"/>
</kw>
<kw name="New Browser" library="Browser">
<arg>browser=chromium</arg>
<arg>headless=False</arg>
<tag>BrowserControl</tag>
<tag>Setter</tag>
<doc>Create a new playwright Browser with specified options.</doc>
<msg timestamp="20231126 00:25:33.308" level="INFO">{"browser": "chromium", "headless": false, "chromiumSandbox": false, "devtools": false, "handleSIGHUP": true, "handleSIGINT": true, "handleSIGTERM": true, "slowMo": 0.0, "timeout": 30000.0, "tracesDir": "C:\\QAx\\projects\\mark85-rodot-express\\logs\\browser\\traces\\a0274b12-ca36-4cbb-ab0f-cd8d8c961d66"}</msg>
<msg timestamp="20231126 00:25:34.140" level="INFO">Successfully created browser with options: {"browser":"chromium","headless":false,"chromiumSandbox":false,"devtools":false,"handleSIGHUP":true,"handleSIGINT":true,"handleSIGTERM":true,"slowMo":0,"timeout":30000,"tracesDir":"C:\\QAx\\projects\\mark85-rodot-express\\logs\\browser\\traces\\a0274b12-ca36-4cbb-ab0f-cd8d8c961d66"}</msg>
<status status="PASS" starttime="20231126 00:25:33.307" endtime="20231126 00:25:34.140"/>
</kw>
<kw name="New Page" library="Browser">
<arg>http://localhost:3000/signup</arg>
<tag>BrowserControl</tag>
<tag>Setter</tag>
<doc>Open a new Page.</doc>
<msg timestamp="20231126 00:25:35.097" level="INFO">Successfully initialized new page object and opened url: http://localhost:3000/signup</msg>
<msg timestamp="20231126 00:25:35.097" level="INFO">No context was open. New context was automatically opened when this page is created.</msg>
<status status="PASS" starttime="20231126 00:25:34.140" endtime="20231126 00:25:35.097"/>
</kw>
<kw name="Wait For Elements State" library="Browser">
<arg>css=h1</arg>
<arg>visible</arg>
<arg>5</arg>
<tag>PageContent</tag>
<tag>Wait</tag>
<doc>Waits for the element found by ``selector`` to satisfy state option.</doc>
<msg timestamp="20231126 00:25:35.140" level="INFO">Waited for Element with selector css=h1 at state visible</msg>
<status status="PASS" starttime="20231126 00:25:35.098" endtime="20231126 00:25:35.140"/>
</kw>
<kw name="Get Text" library="Browser">
<arg>css=h1</arg>
<arg>equal</arg>
<arg>Faça seu cadastro</arg>
<tag>Assertion</tag>
<tag>Getter</tag>
<tag>PageContent</tag>
<doc>Returns text attribute of the element found by ``selector``.</doc>
<msg timestamp="20231126 00:25:35.170" level="INFO">Text: 'Faça seu cadastro'</msg>
<status status="PASS" starttime="20231126 00:25:35.140" endtime="20231126 00:25:35.170"/>
</kw>
<kw name="Fill Text" library="Browser">
<arg>id=name</arg>
<arg>${name}</arg>
<tag>PageContent</tag>
<tag>Setter</tag>
<doc>Clears and fills the given ``txt`` into the text field found by ``selector``.</doc>
<msg timestamp="20231126 00:25:35.171" level="INFO">Fills the text 'Martha Hayes' in the given field.</msg>
<status status="PASS" starttime="20231126 00:25:35.170" endtime="20231126 00:25:35.195"/>
</kw>
<kw name="Fill Text" library="Browser">
<arg>id=email</arg>
<arg>${email}</arg>
<tag>PageContent</tag>
<tag>Setter</tag>
<doc>Clears and fills the given ``txt`` into the text field found by ``selector``.</doc>
<msg timestamp="20231126 00:25:35.195" level="INFO">Fills the text 'xmartin@yahoo.com' in the given field.</msg>
<status status="PASS" starttime="20231126 00:25:35.195" endtime="20231126 00:25:35.221"/>
</kw>
<kw name="Fill Text" library="Browser">
<arg>id=password</arg>
<arg>${password}</arg>
<tag>PageContent</tag>
<tag>Setter</tag>
<doc>Clears and fills the given ``txt`` into the text field found by ``selector``.</doc>
<msg timestamp="20231126 00:25:35.222" level="INFO">Fills the text 'pwd123' in the given field.</msg>
<status status="PASS" starttime="20231126 00:25:35.222" endtime="20231126 00:25:35.240"/>
</kw>
<kw name="Click" library="Browser">
<arg>id=buttonSignup</arg>
<tag>PageContent</tag>
<tag>Setter</tag>
<doc>Simulates mouse click on the element found by ``selector``.</doc>
<status status="PASS" starttime="20231126 00:25:35.241" endtime="20231126 00:25:35.324"/>
</kw>
<kw name="Wait For Elements State" library="Browser">
<arg>css=.notice p</arg>
<arg>visible</arg>
<arg>5</arg>
<tag>PageContent</tag>
<tag>Wait</tag>
<doc>Waits for the element found by ``selector`` to satisfy state option.</doc>
<msg timestamp="20231126 00:25:35.522" level="INFO">Waited for Element with selector css=.notice p at state visible</msg>
<status status="PASS" starttime="20231126 00:25:35.325" endtime="20231126 00:25:35.522"/>
</kw>
<kw name="Get Text" library="Browser">
<arg>css=.notice p</arg>
<arg>equal</arg>
<arg>Boas vindas ao Mark85, o seu gerenciador de tarefas.</arg>
<tag>Assertion</tag>
<tag>Getter</tag>
<tag>PageContent</tag>
<doc>Returns text attribute of the element found by ``selector``.</doc>
<msg timestamp="20231126 00:25:35.541" level="INFO">Text: 'Boas vindas ao Mark85, o seu gerenciador de tarefas.'</msg>
<status status="PASS" starttime="20231126 00:25:35.522" endtime="20231126 00:25:35.541"/>
</kw>
<status status="PASS" starttime="20231126 00:25:33.301" endtime="20231126 00:25:35.541"/>
</test>
<doc>Cenarios de testes do cadastro de usuarios de</doc>
<status status="PASS" starttime="20231126 00:25:32.183" endtime="20231126 00:25:35.631"/>
</suite>
<statistics>
<total>
<stat pass="1" fail="0" skip="0">All Tests</stat>
</total>
<tag>
</tag>
<suite>
<stat pass="1" fail="0" skip="0" id="s1" name="Signup">Signup</stat>
</suite>
</statistics>
<errors>
</errors>
</robot>
